<?xml version="1.0" encoding="UTF-8"?>
<!-- Generated by org.testng.reporters.JUnitReportReporter -->
<testsuite hostname="v-hj-022d" name="com.advantage.tests.testLink.CreateGuestUserForFirstLogin" tests="1" failures="0" timestamp="5 May 2014 11:39:35 GMT" time="110.882" errors="0">
  <testcase name="runCreateGuestUserLogin" time="110.882" classname="com.advantage.tests.testLink.CreateGuestUserForFirstLogin"/>
</testsuite> <!-- com.advantage.tests.testLink.CreateGuestUserForFirstLogin -->
