<?xml version="1.0" encoding="UTF-8"?>
<!-- Generated by org.testng.reporters.JUnitReportReporter -->
<testsuite hostname="v-hj-022d" name="com.advantage.tests.testLink.CreateNewUserTest" tests="1" failures="0" timestamp="6 May 2014 10:24:36 GMT" time="47.055" errors="0">
  <testcase name="runCreateNewUser" time="47.055" classname="com.advantage.tests.testLink.CreateNewUserTest"/>
</testsuite> <!-- com.advantage.tests.testLink.CreateNewUserTest -->
