<?xml version="1.0" encoding="UTF-8"?>
<!-- Generated by org.testng.reporters.JUnitReportReporter -->
<testsuite hostname="v-hj-022d" name="com.advantage.tests.testLink.DBConnection2" tests="1" failures="0" timestamp="29 Apr 2014 03:58:03 GMT" time="29.078" errors="0">
  <testcase name="runCreateNewUser" time="29.078" classname="com.advantage.tests.testLink.DBConnection2"/>
</testsuite> <!-- com.advantage.tests.testLink.DBConnection2 -->
