<?xml version="1.0" encoding="UTF-8"?>
<!-- Generated by org.testng.reporters.JUnitReportReporter -->
<testsuite hostname="PSNG1067" name="com.advantage.tests.testLink.VerifyAPI" tests="1" failures="0" timestamp="26 Aug 2015 04:44:23 GMT" time="73.273" errors="0">
  <testcase name="runVerifyAPI" time="73.273" classname="com.advantage.tests.testLink.VerifyAPI"/>
</testsuite> <!-- com.advantage.tests.testLink.VerifyAPI -->
