<?xml version="1.0" encoding="UTF-8"?>
<!-- Generated by org.testng.reporters.JUnitReportReporter -->
<testsuite hostname="v-hj-022d" name="com.advantage.framework.Misc" tests="1" failures="0" timestamp="25 Apr 2014 08:42:48 GMT" time="0.222" errors="0">
  <testcase name="unitTest" time="0.222" classname="com.advantage.framework.Misc"/>
</testsuite> <!-- com.advantage.framework.Misc -->
